<?xml version="1.0" encoding="UTF-8"?>
<testsuite xmlns:xsi="http://www.w3.org/2001/XMLSchema-instance" xsi:noNamespaceSchemaLocation="https://maven.apache.org/surefire/maven-surefire-plugin/xsd/surefire-test-report.xsd" version="3.0.2" name="com.example.handling_form_submission.HandlingFormSubmissionApplicationTests" time="0.917" tests="1" errors="0" skipped="0" failures="0">
  <properties>
[...]
</properties>
  <testcase name="contextLoads" classname="com.example.handling_form_submission.HandlingFormSubmissionApplicationTests" time="0.306">
    <system-out><![CDATA[22:21:56.564 [main] INFO org.springframework.test.context.support.AnnotationConfigContextLoaderUtils -- Could not detect default configuration classes for test class [com.example.handling_form_submission.HandlingFormSubmissionApplicationTests]: HandlingFormSubmissionApplicationTests does not declare any static, non-private, non-final, nested classes annotated with @Configuration.
22:21:56.606 [main] INFO org.springframework.boot.test.context.SpringBootTestContextBootstrapper -- Found @SpringBootConfiguration com.example.handling_form_submission.HandlingFormSubmissionApplication for test class com.example.handling_form_submission.HandlingFormSubmissionApplicationTests

  .   ____          _            __ _ _
 /\\ / ___'_ __ _ _(_)_ __  __ _ \ \ \ \
( ( )\___ | '_ | '_| | '_ \/ _` | \ \ \ \
 \\/  ___)| |_)| | | | | || (_| |  ) ) ) )
  '  |____| .__|_| |_|_| |_\__, | / / / /
 =========|_|==============|___/=/_/_/_/

 :: Spring Boot ::                (v3.4.4)

2025-04-17T22:21:56.724-04:00  INFO 5120 --- [handling-form-submission] [           main] h.HandlingFormSubmissionApplicationTests : Starting HandlingFormSubmissionApplicationTests using Java 24 with PID 5120 (started by trentmoore in /Users/trentmoore/IdeaProjects/Module 8 Web Apps)
2025-04-17T22:21:56.724-04:00  INFO 5120 --- [handling-form-submission] [           main] h.HandlingFormSubmissionApplicationTests : No active profile set, falling back to 1 default profile: "default"
2025-04-17T22:21:56.978-04:00  INFO 5120 --- [handling-form-submission] [           main] r$InitializeUserDetailsManagerConfigurer : Global AuthenticationManager configured with UserDetailsService bean with name inMemoryUserDetailsManager
2025-04-17T22:21:57.127-04:00  INFO 5120 --- [handling-form-submission] [           main] h.HandlingFormSubmissionApplicationTests : Started HandlingFormSubmissionApplicationTests in 0.479 seconds (process running for 0.764)
]]></system-out>
    <system-err><![CDATA[Mockito is currently self-attaching to enable the inline-mock-maker. This will no longer work in future releases of the JDK. Please add Mockito as an agent to your build what is described in Mockito's documentation: https://javadoc.io/doc/org.mockito/mockito-core/latest/org/mockito/Mockito.html#0.3
WARNING: A Java agent has been loaded dynamically (/Users/trentmoore/.m2/repository/net/bytebuddy/byte-buddy-agent/1.15.11/byte-buddy-agent-1.15.11.jar)
WARNING: If a serviceability tool is in use, please run with -XX:+EnableDynamicAgentLoading to hide this warning
WARNING: If a serviceability tool is not in use, please run with -Djdk.instrument.traceUsage for more information
WARNING: Dynamic loading of agents will be disallowed by default in a future release
]]></system-err>
  </testcase>
</testsuite>